# JRE version: Java(TM) SE Runtime Environment (8.0_231-b11) (build 1.8.0_231-b11)
# Java VM: Java HotSpot(TM) 64-Bit Server VM (25.231-b11 mixed mode linux-amd64 compressed oops)
Heap:
 PSYoungGen      total 276992K, used 20713K [0x00000000d6f80000, 0x00000000e9480000, 0x0000000100000000)
  eden space 253952K, 0% used [0x00000000d6f80000,0x00000000d6f80000,0x00000000e6780000)
  from space 23040K, 89% used [0x00000000e6780000,0x00000000e7bba710,0x00000000e7e00000)
  to   space 22016K, 0% used [0x00000000e7f00000,0x00000000e7f00000,0x00000000e9480000)
 ParOldGen       total 70144K, used 14109K [0x0000000084e00000, 0x0000000089280000, 0x00000000d6f80000)
  object space 70144K, 20% used [0x0000000084e00000,0x0000000085bc7700,0x0000000089280000)
 Metaspace       used 23950K, capacity 24368K, committed 24704K, reserved 1071104K
  class space    used 2996K, capacity 3103K, committed 3200K, reserved 1048576K
GC Heap History (10 events):
Event: 1.938 GC heap after
Heap after GC invocations=3 (full 0):
 PSYoungGen      total 68608K, used 5104K [0x00000000d6f80000, 0x00000000df580000, 0x0000000100000000)
  eden space 63488K, 0% used [0x00000000d6f80000,0x00000000d6f80000,0x00000000dad80000)
  from space 5120K, 99% used [0x00000000dad80000,0x00000000db27c030,0x00000000db280000)
  to   space 5120K, 0% used [0x00000000df080000,0x00000000df080000,0x00000000df580000)
 ParOldGen       total 84992K, used 7691K [0x0000000084e00000, 0x000000008a100000, 0x00000000d6f80000)
  object space 84992K, 9% used [0x0000000084e00000,0x0000000085582fd0,0x000000008a100000)
 Metaspace       used 17236K, capacity 17470K, committed 17664K, reserved 1064960K
  class space    used 2162K, capacity 2207K, committed 2304K, reserved 1048576K
}
Event: 2.255 GC heap before
{Heap before GC invocations=4 (full 0):
 PSYoungGen      total 68608K, used 68592K [0x00000000d6f80000, 0x00000000df580000, 0x0000000100000000)
  eden space 63488K, 100% used [0x00000000d6f80000,0x00000000dad80000,0x00000000dad80000)
  from space 5120K, 99% used [0x00000000dad80000,0x00000000db27c030,0x00000000db280000)
  to   space 5120K, 0% used [0x00000000df080000,0x00000000df080000,0x00000000df580000)
 ParOldGen       total 84992K, used 7691K [0x0000000084e00000, 0x000000008a100000, 0x00000000d6f80000)
  object space 84992K, 9% used [0x0000000084e00000,0x0000000085582fd0,0x000000008a100000)
 Metaspace       used 18723K, capacity 18962K, committed 19072K, reserved 1067008K
  class space    used 2350K, capacity 2397K, committed 2432K, reserved 1048576K
Event: 2.272 GC heap after
Heap after GC invocations=4 (full 0):
 PSYoungGen      total 132096K, used 5114K [0x00000000d6f80000, 0x00000000df580000, 0x0000000100000000)
  eden space 126976K, 0% used [0x00000000d6f80000,0x00000000d6f80000,0x00000000deb80000)
  from space 5120K, 99% used [0x00000000df080000,0x00000000df57ebb8,0x00000000df580000)
  to   space 5120K, 0% used [0x00000000deb80000,0x00000000deb80000,0x00000000df080000)
 ParOldGen       total 84992K, used 15169K [0x0000000084e00000, 0x000000008a100000, 0x00000000d6f80000)
  object space 84992K, 17% used [0x0000000084e00000,0x0000000085cd0558,0x000000008a100000)
 Metaspace       used 18723K, capacity 18962K, committed 19072K, reserved 1067008K
  class space    used 2350K, capacity 2397K, committed 2432K, reserved 1048576K
}
Event: 2.679 GC heap before
{Heap before GC invocations=5 (full 0):
 PSYoungGen      total 132096K, used 132090K [0x00000000d6f80000, 0x00000000df580000, 0x0000000100000000)
  eden space 126976K, 100% used [0x00000000d6f80000,0x00000000deb80000,0x00000000deb80000)
  from space 5120K, 99% used [0x00000000df080000,0x00000000df57ebb8,0x00000000df580000)
  to   space 5120K, 0% used [0x00000000deb80000,0x00000000deb80000,0x00000000df080000)
 ParOldGen       total 84992K, used 15169K [0x0000000084e00000, 0x000000008a100000, 0x00000000d6f80000)
  object space 84992K, 17% used [0x0000000084e00000,0x0000000085cd0558,0x000000008a100000)
 Metaspace       used 20892K, capacity 21192K, committed 21296K, reserved 1069056K
  class space    used 2604K, capacity 2675K, committed 2688K, reserved 1048576K
Event: 2.702 GC heap after
Heap after GC invocations=5 (full 0):
 PSYoungGen      total 132096K, used 5104K [0x00000000d6f80000, 0x00000000e9680000, 0x0000000100000000)
  eden space 126976K, 0% used [0x00000000d6f80000,0x00000000d6f80000,0x00000000deb80000)
  from space 5120K, 99% used [0x00000000deb80000,0x00000000df07c030,0x00000000df080000)
  to   space 24064K, 0% used [0x00000000e7f00000,0x00000000e7f00000,0x00000000e9680000)
 ParOldGen       total 84992K, used 33067K [0x0000000084e00000, 0x000000008a100000, 0x00000000d6f80000)
  object space 84992K, 38% used [0x0000000084e00000,0x0000000086e4acd8,0x000000008a100000)
 Metaspace       used 20892K, capacity 21192K, committed 21296K, reserved 1069056K
  class space    used 2604K, capacity 2675K, committed 2688K, reserved 1048576K
}
Event: 2.807 GC heap before
{Heap before GC invocations=6 (full 0):
 PSYoungGen      total 132096K, used 42949K [0x00000000d6f80000, 0x00000000e9680000, 0x0000000100000000)
  eden space 126976K, 29% used [0x00000000d6f80000,0x00000000d9475708,0x00000000deb80000)
  from space 5120K, 99% used [0x00000000deb80000,0x00000000df07c030,0x00000000df080000)
  to   space 24064K, 0% used [0x00000000e7f00000,0x00000000e7f00000,0x00000000e9680000)
 ParOldGen       total 84992K, used 33067K [0x0000000084e00000, 0x000000008a100000, 0x00000000d6f80000)
  object space 84992K, 38% used [0x0000000084e00000,0x0000000086e4acd8,0x000000008a100000)
 Metaspace       used 20903K, capacity 21192K, committed 21296K, reserved 1069056K
  class space    used 2605K, capacity 2675K, committed 2688K, reserved 1048576K
Event: 2.820 GC heap after
Heap after GC invocations=6 (full 0):
 PSYoungGen      total 275968K, used 9109K [0x00000000d6f80000, 0x00000000e9480000, 0x0000000100000000)
  eden space 253952K, 0% used [0x00000000d6f80000,0x00000000d6f80000,0x00000000e6780000)
  from space 22016K, 41% used [0x00000000e7f00000,0x00000000e87e5798,0x00000000e9480000)
  to   space 23040K, 0% used [0x00000000e6780000,0x00000000e6780000,0x00000000e7e00000)
 ParOldGen       total 84992K, used 33075K [0x0000000084e00000, 0x000000008a100000, 0x00000000d6f80000)
  object space 84992K, 38% used [0x0000000084e00000,0x0000000086e4ccd8,0x000000008a100000)
 Metaspace       used 20903K, capacity 21192K, committed 21296K, reserved 1069056K
  class space    used 2605K, capacity 2675K, committed 2688K, reserved 1048576K
}
Event: 2.820 GC heap before
{Heap before GC invocations=7 (full 1):
 PSYoungGen      total 275968K, used 9109K [0x00000000d6f80000, 0x00000000e9480000, 0x0000000100000000)
  eden space 253952K, 0% used [0x00000000d6f80000,0x00000000d6f80000,0x00000000e6780000)
  from space 22016K, 41% used [0x00000000e7f00000,0x00000000e87e5798,0x00000000e9480000)
  to   space 23040K, 0% used [0x00000000e6780000,0x00000000e6780000,0x00000000e7e00000)
 ParOldGen       total 84992K, used 33075K [0x0000000084e00000, 0x000000008a100000, 0x00000000d6f80000)
  object space 84992K, 38% used [0x0000000084e00000,0x0000000086e4ccd8,0x000000008a100000)
 Metaspace       used 20903K, capacity 21192K, committed 21296K, reserved 1069056K
  class space    used 2605K, capacity 2675K, committed 2688K, reserved 1048576K
Event: 2.856 GC heap after
Heap after GC invocations=7 (full 1):
 PSYoungGen      total 275968K, used 0K [0x00000000d6f80000, 0x00000000e9480000, 0x0000000100000000)
  eden space 253952K, 0% used [0x00000000d6f80000,0x00000000d6f80000,0x00000000e6780000)
  from space 22016K, 0% used [0x00000000e7f00000,0x00000000e7f00000,0x00000000e9480000)
  to   space 23040K, 0% used [0x00000000e6780000,0x00000000e6780000,0x00000000e7e00000)
 ParOldGen       total 70144K, used 14101K [0x0000000084e00000, 0x0000000089280000, 0x00000000d6f80000)
  object space 70144K, 20% used [0x0000000084e00000,0x0000000085bc5700,0x0000000089280000)
 Metaspace       used 20903K, capacity 21192K, committed 21296K, reserved 1069056K
  class space    used 2605K, capacity 2675K, committed 2688K, reserved 1048576K
}
Event: 3.939 GC heap before
{Heap before GC invocations=8 (full 1):
 PSYoungGen      total 275968K, used 253952K [0x00000000d6f80000, 0x00000000e9480000, 0x0000000100000000)
  eden space 253952K, 100% used [0x00000000d6f80000,0x00000000e6780000,0x00000000e6780000)
  from space 22016K, 0% used [0x00000000e7f00000,0x00000000e7f00000,0x00000000e9480000)
  to   space 23040K, 0% used [0x00000000e6780000,0x00000000e6780000,0x00000000e7e00000)
 ParOldGen       total 70144K, used 14101K [0x0000000084e00000, 0x0000000089280000, 0x00000000d6f80000)
  object space 70144K, 20% used [0x0000000084e00000,0x0000000085bc5700,0x0000000089280000)
 Metaspace       used 23950K, capacity 24368K, committed 24704K, reserved 1071104K
  class space    used 2996K, capacity 3103K, committed 3200K, reserved 1048576K

